Arguments: 
  /usr/local/bin/node /Users/meselgheahilyatinisrin/.cache/node/corepack/yarn/1.22.19/bin/yarn.js add bcrypt

PATH: 
  /Users/meselgheahilyatinisrin/Library/pnpm:/Users/meselgheahilyatinisrin/.orbstack/bin:/opt/homebrew/bin:/opt/homebrew/sbin:/usr/local/bin:/System/Cryptexes/App/usr/bin:/usr/bin:/bin:/usr/sbin:/sbin:/usr/local/share/dotnet:~/.dotnet/tools:/Library/Frameworks/Mono.framework/Versions/Current/Commands:/Applications/Postgres.app/Contents/Versions/latest/bin:/Users/meselgheahilyatinisrin/.cargo/bin:/opt/homebrew/bin:/opt/homebrew/sbin

Yarn version: 
  1.22.19

Node version: 
  18.14.2

Platform: 
  darwin arm64

Trace: 
  Error: ENOENT: no such file or directory, copyfile '/Users/meselgheahilyatinisrin/Library/Caches/Yarn/v6/npm-minipass-4.2.8-f0010f64393ecfc1d1ccb5f582bcaf45f48e1a3a-integrity/node_modules/minipass/LICENSE' -> '/Users/meselgheahilyatinisrin/w14-my-authorized-api-meselghea/node_modules/@nestjs/cli/node_modules/minipass/LICENSE'

npm manifest: 
  {
    "name": "nest-app",
    "version": "0.0.1",
    "description": "",
    "author": "",
    "private": true,
    "license": "UNLICENSED",
    "scripts": {
      "build": "nest build",
      "format": "prettier --write \"src/**/*.ts\" \"test/**/*.ts\"",
      "start": "nest start",
      "start:dev": "nest start --watch",
      "start:debug": "nest start --debug --watch",
      "start:prod": "node dist/main",
      "lint": "eslint \"{src,apps,libs,test}/**/*.ts\" --fix",
      "test": "jest",
      "test:watch": "jest --watch",
      "test:cov": "jest --coverage",
      "test:debug": "node --inspect-brk -r tsconfig-paths/register -r ts-node/register node_modules/.bin/jest --runInBand",
      "test:e2e": "jest --config ./test/jest-e2e.json"
    },
    "dependencies": {
      "@nestjs/common": "^9.0.0",
      "@nestjs/config": "^2.3.1",
      "@nestjs/core": "^9.0.0",
      "@nestjs/jwt": "^10.0.3",
      "@nestjs/passport": "^9.0.3",
      "@nestjs/platform-express": "^9.0.0",
      "@nestjs/swagger": "^6.3.0",
      "@prisma/client": "^4.14.0",
      "argon2": "^0.30.3",
      "bcrypt": "^5.1.0",
      "class-transformer": "^0.5.1",
      "class-validator": "^0.14.0",
      "cookie-parser": "^1.4.6",
      "express-session": "^1.17.3",
      "passport": "^0.6.0",
      "passport-jwt": "^4.0.1",
      "passport-local": "^1.0.0",
      "reflect-metadata": "^0.1.13",
      "rxjs": "^7.2.0",
      "swagger-ui-express": "^4.6.3"
    },
    "devDependencies": {
      "@nestjs/cli": "^9.0.0",
      "@nestjs/schematics": "^9.0.0",
      "@nestjs/testing": "^9.0.0",
      "@types/bcrypt": "^5.0.0",
      "@types/express": "^4.17.13",
      "@types/express-session": "^1.17.7",
      "@types/jest": "29.5.0",
      "@types/node": "18.15.11",
      "@types/passport-jwt": "^3.0.8",
      "@types/supertest": "^2.0.11",
      "@typescript-eslint/eslint-plugin": "^5.0.0",
      "@typescript-eslint/parser": "^5.0.0",
      "eslint": "^8.0.1",
      "eslint-config-prettier": "^8.3.0",
      "eslint-plugin-prettier": "^4.0.0",
      "jest": "29.5.0",
      "prettier": "^2.3.2",
      "prisma": "^4.14.0",
      "source-map-support": "^0.5.20",
      "supertest": "^6.1.3",
      "ts-jest": "29.0.5",
      "ts-loader": "^9.2.3",
      "ts-node": "^10.0.0",
      "tsconfig-paths": "4.2.0",
      "typescript": "^4.7.4"
    },
    "jest": {
      "moduleFileExtensions": [
        "js",
        "json",
        "ts"
      ],
      "rootDir": "src",
      "testRegex": ".*\\.spec\\.ts$",
      "transform": {
        "^.+\\.(t|j)s$": "ts-jest"
      },
      "collectCoverageFrom": [
        "**/*.(t|j)s"
      ],
      "coverageDirectory": "../coverage",
      "testEnvironment": "node"
    }
  }

yarn manifest: 
  No manifest

Lockfile: 
  No lockfile
